app/build/intermediates/manifest_merge_blame_file/debug/manifest-merger-blame-debug-report.txt
1<?xml version="1.0" encoding="utf-8"?>
2<manifest xmlns:android="http://schemas.android.com/apk/res/android"
3    package="com.example.allpermisionautomation"
4    android:versionCode="1"
5    android:versionName="1.0" >
6
7    <uses-sdk
8        android:minSdkVersion="21"
8-->src\main\AndroidManifest.xml
9        android:targetSdkVersion="33" />
9-->src\main\AndroidManifest.xml
10    <!-- Request legacy Bluetooth permissions for devices on API 29,30. -->
11    <uses-permission
11-->src\main\AndroidManifest.xml:5:5-7:38
12        android:name="android.permission.BLUETOOTH"
12-->src\main\AndroidManifest.xml:6:9-52
13        android:maxSdkVersion="30" />
13-->src\main\AndroidManifest.xml:7:9-35
14    <uses-permission
14-->src\main\AndroidManifest.xml:8:5-10:38
15        android:name="android.permission.BLUETOOTH_ADMIN"
15-->src\main\AndroidManifest.xml:9:9-58
16        android:maxSdkVersion="30" />
16-->src\main\AndroidManifest.xml:10:9-35
17    <uses-permission
17-->src\main\AndroidManifest.xml:11:5-13:38
18        android:name="android.permission.ACCESS_FINE_LOCATION"
18-->src\main\AndroidManifest.xml:12:9-63
19        android:maxSdkVersion="30" />
19-->src\main\AndroidManifest.xml:13:9-35
20    <uses-permission
20-->src\main\AndroidManifest.xml:14:5-16:38
21        android:name="android.permission.ACCESS_BACKGROUND_LOCATION"
21-->src\main\AndroidManifest.xml:15:9-69
22        android:maxSdkVersion="30" />
22-->src\main\AndroidManifest.xml:16:9-35
23    <uses-permission
23-->src\main\AndroidManifest.xml:17:5-19:38
24        android:name="android.permission.ACCESS_COARSE_LOCATION"
24-->src\main\AndroidManifest.xml:18:9-65
25        android:maxSdkVersion="30" />
25-->src\main\AndroidManifest.xml:19:9-35
26
27    <!-- Request Bluetooth permissions for devices on API 31,32. -->
28    <uses-permission
28-->src\main\AndroidManifest.xml:22:5-25:31
29        android:name="android.permission.BLUETOOTH_SCAN"
29-->src\main\AndroidManifest.xml:23:9-57
30        android:usesPermissionFlags="neverForLocation" />
30-->src\main\AndroidManifest.xml:24:9-55
31    <!--
32         Needed only if your app communicates with already-paired Bluetooth
33             devices.
34    -->
35    <uses-permission android:name="android.permission.BLUETOOTH_CONNECT" />
35-->src\main\AndroidManifest.xml:28:5-76
35-->src\main\AndroidManifest.xml:28:22-73
36    <!-- Since Bluetooth is a basic requirement for our app -->
37    <uses-feature
37-->src\main\AndroidManifest.xml:30:5-32:35
38        android:name="android.hardware.bluetooth"
38-->src\main\AndroidManifest.xml:31:9-50
39        android:required="true" />
39-->src\main\AndroidManifest.xml:32:9-32
40
41    <permission
41-->[androidx.core:core:1.9.0] AndroidManifest.xml:22:5-24:47
42        android:name="com.example.allpermisionautomation.DYNAMIC_RECEIVER_NOT_EXPORTED_PERMISSION"
42-->[androidx.core:core:1.9.0] AndroidManifest.xml:23:9-81
43        android:protectionLevel="signature" />
43-->[androidx.core:core:1.9.0] AndroidManifest.xml:24:9-44
44
45    <uses-permission android:name="com.example.allpermisionautomation.DYNAMIC_RECEIVER_NOT_EXPORTED_PERMISSION" />
45-->[androidx.core:core:1.9.0] AndroidManifest.xml:26:5-97
45-->[androidx.core:core:1.9.0] AndroidManifest.xml:26:22-94
46
47    <application
47-->src\main\AndroidManifest.xml:34:5-59:19
48        android:allowBackup="true"
48-->src\main\AndroidManifest.xml:35:9-35
49        android:appComponentFactory="androidx.core.app.CoreComponentFactory"
49-->[androidx.core:core:1.9.0] AndroidManifest.xml:28:18-86
50        android:dataExtractionRules="@xml/data_extraction_rules"
50-->src\main\AndroidManifest.xml:36:9-65
51        android:debuggable="true"
52        android:fullBackupContent="@xml/backup_rules"
52-->src\main\AndroidManifest.xml:37:9-54
53        android:icon="@mipmap/ic_launcher"
53-->src\main\AndroidManifest.xml:38:9-43
54        android:label="@string/app_name"
54-->src\main\AndroidManifest.xml:39:9-41
55        android:roundIcon="@mipmap/ic_launcher_round"
55-->src\main\AndroidManifest.xml:40:9-54
56        android:supportsRtl="true"
56-->src\main\AndroidManifest.xml:41:9-35
57        android:testOnly="true"
58        android:theme="@style/Theme.AllPermisionAutomation" >
58-->src\main\AndroidManifest.xml:42:9-60
59        <activity
59-->src\main\AndroidManifest.xml:44:9-58:20
60            android:name="com.example.allpermisionautomation.MainActivity"
60-->src\main\AndroidManifest.xml:45:13-41
61            android:exported="true"
61-->src\main\AndroidManifest.xml:46:13-36
62            android:label="@string/app_name"
62-->src\main\AndroidManifest.xml:47:13-45
63            android:theme="@style/Theme.AllPermisionAutomation.NoActionBar" >
63-->src\main\AndroidManifest.xml:48:13-76
64            <intent-filter>
64-->src\main\AndroidManifest.xml:49:13-53:29
65                <action android:name="android.intent.action.MAIN" />
65-->src\main\AndroidManifest.xml:50:17-69
65-->src\main\AndroidManifest.xml:50:25-66
66
67                <category android:name="android.intent.category.LAUNCHER" />
67-->src\main\AndroidManifest.xml:52:17-77
67-->src\main\AndroidManifest.xml:52:27-74
68            </intent-filter>
69
70            <meta-data
70-->src\main\AndroidManifest.xml:55:13-57:36
71                android:name="android.app.lib_name"
71-->src\main\AndroidManifest.xml:56:17-52
72                android:value="" />
72-->src\main\AndroidManifest.xml:57:17-33
73        </activity>
74
75        <provider
75-->[androidx.emoji2:emoji2:1.2.0] AndroidManifest.xml:24:9-32:20
76            android:name="androidx.startup.InitializationProvider"
76-->[androidx.emoji2:emoji2:1.2.0] AndroidManifest.xml:25:13-67
77            android:authorities="com.example.allpermisionautomation.androidx-startup"
77-->[androidx.emoji2:emoji2:1.2.0] AndroidManifest.xml:26:13-68
78            android:exported="false" >
78-->[androidx.emoji2:emoji2:1.2.0] AndroidManifest.xml:27:13-37
79            <meta-data
79-->[androidx.emoji2:emoji2:1.2.0] AndroidManifest.xml:29:13-31:52
80                android:name="androidx.emoji2.text.EmojiCompatInitializer"
80-->[androidx.emoji2:emoji2:1.2.0] AndroidManifest.xml:30:17-75
81                android:value="androidx.startup" />
81-->[androidx.emoji2:emoji2:1.2.0] AndroidManifest.xml:31:17-49
82            <meta-data
82-->[androidx.lifecycle:lifecycle-process:2.4.1] AndroidManifest.xml:31:13-33:52
83                android:name="androidx.lifecycle.ProcessLifecycleInitializer"
83-->[androidx.lifecycle:lifecycle-process:2.4.1] AndroidManifest.xml:32:17-78
84                android:value="androidx.startup" />
84-->[androidx.lifecycle:lifecycle-process:2.4.1] AndroidManifest.xml:33:17-49
85        </provider>
86    </application>
87
88</manifest>